<?xml version="1.0" encoding="UTF-8"?>
<!-- Generated by org.testng.reporters.JUnitReportReporter -->
<testsuite hostname="IN-10PN6S3" failures="0" tests="2" name="com.nagarro.ExitTest.Tests.Test_Login" time="5.493" errors="0" timestamp="2024-12-29T13:30:56 IST" skipped="1">
  <testcase classname="com.nagarro.ExitTest.Tests.Test_Login" name="test_invalidlogin" time="5.493"/>
  <testcase classname="com.nagarro.ExitTest.Tests.Test_Login" name="test_validLogin">
    <skipped/>
  </testcase> <!-- test_validLogin -->
</testsuite> <!-- com.nagarro.ExitTest.Tests.Test_Login -->
