<?xml version="1.0" encoding="UTF-8"?>
<!-- Generated by org.testng.reporters.JUnitReportReporter -->
<testsuite hostname="IN-10PN6S3" failures="0" tests="6" name="com.nagarro.ExitTest.Tests.Test_Home" time="39.219" errors="0" timestamp="2024-12-27T15:08:07 IST" skipped="0">
  <testcase classname="com.nagarro.ExitTest.Tests.Test_Home" name="verifyHomePageIsVisible" time="4.025"/>
  <testcase classname="com.nagarro.ExitTest.Tests.Test_Home" name="test_navigateToFlightPage" time="8.096"/>
  <testcase classname="com.nagarro.ExitTest.Tests.Test_Home" name="test_navigateToSellerPage" time="9.162"/>
  <testcase classname="com.nagarro.ExitTest.Tests.Test_Home" name="test_navigateToAppliancesPage" time="5.672"/>
  <testcase classname="com.nagarro.ExitTest.Tests.Test_Home" name="test_navigateToCartPage" time="5.749"/>
  <testcase classname="com.nagarro.ExitTest.Tests.Test_Home" name="test_search" time="6.515"/>
</testsuite> <!-- com.nagarro.ExitTest.Tests.Test_Home -->
