<?xml version="1.0" encoding="UTF-8"?>
<!-- Generated by org.testng.reporters.JUnitReportReporter -->
<testsuite hostname="IN-10PN6S3" failures="0" tests="3" name="com.nagarro.ExitTest.Tests.Test_GroupCompanies" time="24.013" errors="0" timestamp="2024-12-29T13:30:56 IST" skipped="0">
  <testcase classname="com.nagarro.ExitTest.Tests.Test_GroupCompanies" name="test_first_myntra" time="8.648"/>
  <testcase classname="com.nagarro.ExitTest.Tests.Test_GroupCompanies" name="test_second_cleartrip" time="8.516"/>
  <testcase classname="com.nagarro.ExitTest.Tests.Test_GroupCompanies" name="test_third_shopsy" time="6.849"/>
</testsuite> <!-- com.nagarro.ExitTest.Tests.Test_GroupCompanies -->
