<?xml version="1.0" encoding="UTF-8"?>
<!-- Generated by org.testng.reporters.JUnitReportReporter -->
<testsuite hostname="IN-10PN6S3" failures="0" tests="8" name="com.nagarro.ExitTest.Tests.Test_Home" time="65.071" errors="0" timestamp="2024-12-29T13:30:56 IST" skipped="0">
  <testcase classname="com.nagarro.ExitTest.Tests.Test_Home" name="test_HomePageIsVisible" time="5.974"/>
  <testcase classname="com.nagarro.ExitTest.Tests.Test_Home" name="test_search" time="9.375"/>
  <testcase classname="com.nagarro.ExitTest.Tests.Test_Home" name="test_search" time="8.814"/>
  <testcase classname="com.nagarro.ExitTest.Tests.Test_Home" name="test_navigateToCartPage" time="6.564"/>
  <testcase classname="com.nagarro.ExitTest.Tests.Test_Home" name="test_navigateToSellerPage" time="11.825"/>
  <testcase classname="com.nagarro.ExitTest.Tests.Test_Home" name="test_navigateToAppliancesPage" time="5.762"/>
  <testcase classname="com.nagarro.ExitTest.Tests.Test_Home" name="test_navigateToFlightPage" time="8.461"/>
  <testcase classname="com.nagarro.ExitTest.Tests.Test_Home" name="test_navigateToTermsAndConditionsPage" time="8.296"/>
</testsuite> <!-- com.nagarro.ExitTest.Tests.Test_Home -->
