<?xml version="1.0" encoding="UTF-8"?>
<!-- Generated by org.testng.reporters.JUnitReportReporter -->
<testsuite hostname="IN-10PN6S3" failures="0" tests="3" name="com.nagarro.ExitTest.Tests.Test_Product" time="32.939" errors="0" timestamp="2024-12-29T13:30:56 IST" skipped="0">
  <testcase classname="com.nagarro.ExitTest.Tests.Test_Product" name="sortProductByPriceLowToHigh" time="9.763"/>
  <testcase classname="com.nagarro.ExitTest.Tests.Test_Product" name="verify_addToWishlistRequiresLogin" time="8.586"/>
  <testcase classname="com.nagarro.ExitTest.Tests.Test_Product" name="addToCart" time="14.590"/>
</testsuite> <!-- com.nagarro.ExitTest.Tests.Test_Product -->
