<?xml version="1.0" encoding="UTF-8"?>
<!-- Generated by org.testng.reporters.JUnitReportReporter -->
<testsuite hostname="IN-10PN6S3" failures="0" tests="3" name="com.nagarro.ExitTest.Tests.Test_Product" time="23.641" errors="0" timestamp="2024-12-27T15:08:07 IST" skipped="0">
  <testcase classname="com.nagarro.ExitTest.Tests.Test_Product" name="verify_addToWishlistRequiresLogin" time="6.298"/>
  <testcase classname="com.nagarro.ExitTest.Tests.Test_Product" name="addToCart" time="10.431"/>
  <testcase classname="com.nagarro.ExitTest.Tests.Test_Product" name="sortProductByPriceLowToHigh" time="6.912"/>
</testsuite> <!-- com.nagarro.ExitTest.Tests.Test_Product -->
