<?xml version="1.0" encoding="UTF-8"?>
<!-- Generated by org.testng.reporters.JUnitReportReporter -->
<testsuite hostname="IN-10PN6S3" failures="0" tests="1" name="com.nagarro.ExitTest.Tests.Test_SellerPage" time="23.667" errors="0" timestamp="2024-12-29T13:24:18 IST" skipped="0">
  <testcase classname="com.nagarro.ExitTest.Tests.Test_SellerPage" name="test_navigateToSellerDashboard" time="23.667"/>
  <system-out/>
</testsuite> <!-- com.nagarro.ExitTest.Tests.Test_SellerPage -->
