<?xml version="1.0" encoding="UTF-8"?>
<!-- Generated by org.testng.reporters.JUnitReportReporter -->
<testsuite hostname="IN-10PN6S3" failures="0" tests="3" name="com.nagarro.ExitTest.Tests.Test_GroupCompanies" time="38.366" errors="0" timestamp="2024-12-29T13:24:18 IST" skipped="0">
  <testcase classname="com.nagarro.ExitTest.Tests.Test_GroupCompanies" name="test_first_myntra" time="13.745"/>
  <system-out/>
  <testcase classname="com.nagarro.ExitTest.Tests.Test_GroupCompanies" name="test_second_cleartrip" time="14.710"/>
  <system-out/>
  <testcase classname="com.nagarro.ExitTest.Tests.Test_GroupCompanies" name="test_third_shopsy" time="9.911"/>
  <system-out/>
</testsuite> <!-- com.nagarro.ExitTest.Tests.Test_GroupCompanies -->
