<?xml version="1.0" encoding="UTF-8"?>
<!-- Generated by org.testng.reporters.JUnitReportReporter -->
<testsuite hostname="IN-10PN6S3" failures="0" tests="1" name="com.nagarro.ExitTest.Tests.Test_GroceryPage" time="10.764" errors="0" timestamp="2024-12-29T13:24:18 IST" skipped="0">
  <testcase classname="com.nagarro.ExitTest.Tests.Test_GroceryPage" name="test_searchGroceryItem" time="10.764"/>
  <system-out/>
</testsuite> <!-- com.nagarro.ExitTest.Tests.Test_GroceryPage -->
