<?xml version="1.0" encoding="UTF-8"?>
<!-- Generated by org.testng.reporters.JUnitReportReporter -->
<testsuite hostname="IN-10PN6S3" failures="0" tests="3" name="com.nagarro.ExitTest.Tests.Test_Product" time="38.367" errors="0" timestamp="2024-12-29T13:24:18 IST" skipped="0">
  <testcase classname="com.nagarro.ExitTest.Tests.Test_Product" name="sortProductByPriceLowToHigh" time="10.857"/>
  <system-out/>
  <testcase classname="com.nagarro.ExitTest.Tests.Test_Product" name="verify_addToWishlistRequiresLogin" time="11.683"/>
  <system-out/>
  <testcase classname="com.nagarro.ExitTest.Tests.Test_Product" name="addToCart" time="15.827"/>
  <system-out/>
</testsuite> <!-- com.nagarro.ExitTest.Tests.Test_Product -->
