<?xml version="1.0" encoding="UTF-8"?>
<!-- Generated by org.testng.reporters.JUnitReportReporter -->
<testsuite hostname="IN-10PN6S3" failures="0" tests="2" name="com.nagarro.ExitTest.Tests.Test_FlightsPage" time="32.779" errors="0" timestamp="2024-12-29T13:24:18 IST" skipped="0">
  <testcase classname="com.nagarro.ExitTest.Tests.Test_FlightsPage" name="test_searchOneWayFlight" time="12.623"/>
  <system-out/>
  <testcase classname="com.nagarro.ExitTest.Tests.Test_FlightsPage" name="test_searchRoundtripFlight" time="20.156"/>
  <system-out/>
</testsuite> <!-- com.nagarro.ExitTest.Tests.Test_FlightsPage -->
