<?xml version="1.0" encoding="UTF-8"?>
<!-- Generated by org.testng.reporters.JUnitReportReporter -->
<testsuite hostname="IN-10PN6S3" failures="0" tests="6" name="com.nagarro.ExitTest.Tests.Test_Home" time="38.526" errors="0" timestamp="2024-12-27T14:56:46 IST" skipped="0">
  <testcase classname="com.nagarro.ExitTest.Tests.Test_Home" name="test_navigateToFlightPage" time="6.501"/>
  <system-out/>
  <testcase classname="com.nagarro.ExitTest.Tests.Test_Home" name="test_search" time="5.821"/>
  <system-out/>
  <testcase classname="com.nagarro.ExitTest.Tests.Test_Home" name="test_navigateToAppliancesPage" time="5.746"/>
  <system-out/>
  <testcase classname="com.nagarro.ExitTest.Tests.Test_Home" name="test_navigateToSellerPage" time="8.256"/>
  <system-out/>
  <testcase classname="com.nagarro.ExitTest.Tests.Test_Home" name="test_navigateToCartPage" time="6.102"/>
  <system-out/>
  <testcase classname="com.nagarro.ExitTest.Tests.Test_Home" name="verifyHomePageIsVisible" time="6.100"/>
  <system-out/>
</testsuite> <!-- com.nagarro.ExitTest.Tests.Test_Home -->
