<?xml version="1.0" encoding="UTF-8"?>
<!-- Generated by org.testng.reporters.JUnitReportReporter -->
<testsuite hostname="IN-10PN6S3" failures="0" tests="1" name="com.nagarro.ExitTest.Tests.Test_HomePage" time="12.867" errors="0" timestamp="2024-12-24T15:59:34 IST" skipped="0">
  <testcase classname="com.nagarro.ExitTest.Tests.Test_HomePage" name="test_navigateToSellerPage" time="12.867"/>
  <system-out/>
</testsuite> <!-- com.nagarro.ExitTest.Tests.Test_HomePage -->
