<?xml version="1.0" encoding="UTF-8"?>
<!-- Generated by org.testng.reporters.JUnitReportReporter -->
<testsuite hostname="IN-10PN6S3" failures="0" tests="8" name="com.nagarro.ExitTest.Tests.Test_Home" time="76.320" errors="0" timestamp="2024-12-29T13:24:18 IST" skipped="0">
  <testcase classname="com.nagarro.ExitTest.Tests.Test_Home" name="test_HomePageIsVisible" time="7.157"/>
  <system-out/>
  <testcase classname="com.nagarro.ExitTest.Tests.Test_Home" name="test_search" time="9.847"/>
  <system-out/>
  <testcase classname="com.nagarro.ExitTest.Tests.Test_Home" name="test_search" time="9.983"/>
  <system-out/>
  <testcase classname="com.nagarro.ExitTest.Tests.Test_Home" name="test_navigateToCartPage" time="9.761"/>
  <system-out/>
  <testcase classname="com.nagarro.ExitTest.Tests.Test_Home" name="test_navigateToSellerPage" time="12.653"/>
  <system-out/>
  <testcase classname="com.nagarro.ExitTest.Tests.Test_Home" name="test_navigateToAppliancesPage" time="8.810"/>
  <system-out/>
  <testcase classname="com.nagarro.ExitTest.Tests.Test_Home" name="test_navigateToFlightPage" time="8.837"/>
  <system-out/>
  <testcase classname="com.nagarro.ExitTest.Tests.Test_Home" name="test_navigateToTermsAndConditionsPage" time="9.272"/>
  <system-out/>
</testsuite> <!-- com.nagarro.ExitTest.Tests.Test_Home -->
