<?xml version="1.0" encoding="UTF-8"?>
<!-- Generated by org.testng.reporters.JUnitReportReporter -->
<testsuite hostname="IN-10PN6S3" failures="0" tests="3" name="com.nagarro.ExitTest.Tests.Test_Product" time="24.543" errors="0" timestamp="2024-12-27T14:56:46 IST" skipped="0">
  <testcase classname="com.nagarro.ExitTest.Tests.Test_Product" name="sortProductByPriceLowToHigh" time="8.052"/>
  <system-out/>
  <testcase classname="com.nagarro.ExitTest.Tests.Test_Product" name="addToCart" time="9.562"/>
  <system-out/>
  <testcase classname="com.nagarro.ExitTest.Tests.Test_Product" name="verify_addToWishlistRequiresLogin" time="6.929"/>
  <system-out/>
</testsuite> <!-- com.nagarro.ExitTest.Tests.Test_Product -->
